/ssd_scratch/cvit/yash/vits/train.py:147: FutureWarning: `torch.cuda.amp.autocast(args...)` is deprecated. Please use `torch.amp.autocast('cuda', args...)` instead.
  with autocast(enabled=hps.train.fp16_run):
/home2/yash.sonkar/.local/lib/python3.10/site-packages/torch/functional.py:704: UserWarning: stft with return_complex=False is deprecated. In a future pytorch release, stft will return complex tensors for all inputs, and return_complex=False will raise an error.
Note: you can still call torch.view_as_real on the complex output to recover the old return format. (Triggered internally at ../aten/src/ATen/native/SpectralOps.cpp:873.)
  return _VF.stft(  # type: ignore[attr-defined]
/home2/yash.sonkar/.local/lib/python3.10/site-packages/torch/functional.py:704: UserWarning: ComplexHalf support is experimental and many operators don't support it yet. (Triggered internally at ../aten/src/ATen/EmptyTensor.cpp:46.)
  return _VF.stft(  # type: ignore[attr-defined]
/ssd_scratch/cvit/yash/vits/train.py:174: FutureWarning: `torch.cuda.amp.autocast(args...)` is deprecated. Please use `torch.amp.autocast('cuda', args...)` instead.
  with autocast(enabled=False):
/ssd_scratch/cvit/yash/vits/train.py:183: FutureWarning: `torch.cuda.amp.autocast(args...)` is deprecated. Please use `torch.amp.autocast('cuda', args...)` instead.
  with autocast(enabled=hps.train.fp16_run):
/ssd_scratch/cvit/yash/vits/train.py:186: FutureWarning: `torch.cuda.amp.autocast(args...)` is deprecated. Please use `torch.amp.autocast('cuda', args...)` instead.
  with autocast(enabled=False):
/home2/yash.sonkar/.local/lib/python3.10/site-packages/torch/autograd/graph.py:825: UserWarning: Grad strides do not match bucket view strides. This may indicate grad was not created according to the gradient layout contract, or that the param's strides changed since DDP was constructed.  This is not an error, but may impair performance.
grad.sizes() = [1, 9, 96], strides() = [23904, 96, 1]
bucket_view.sizes() = [1, 9, 96], strides() = [864, 96, 1] (Triggered internally at ../torch/csrc/distributed/c10d/reducer.cpp:327.)
  return Variable._execution_engine.run_backward(  # Calls into the C++ engine to run the backward pass
INFO:ljs_base:Train Epoch: 1 [0%]
INFO:ljs_base:[6.084081172943115, 6.08393669128418, 0.3191574513912201, 94.9305648803711, 1.663151741027832, 148.7801971435547, 0, 0.0002]
DEBUG:matplotlib:matplotlib data path: /home2/yash.sonkar/.local/lib/python3.10/site-packages/matplotlib/mpl-data
DEBUG:matplotlib:CONFIGDIR=/home2/yash.sonkar/.config/matplotlib
DEBUG:matplotlib:interactive is False
DEBUG:matplotlib:platform is linux
Process SpawnProcess-1:
Traceback (most recent call last):
  File "/home2/yash.sonkar/.local/lib/python3.10/site-packages/torch/multiprocessing/spawn.py", line 90, in _wrap
    fn(i, *args)
  File "/ssd_scratch/cvit/yash/vits/train.py", line 118, in run
    train_and_evaluate(rank, epoch, hps, [net_g, net_d], [optim_g, optim_d], [scheduler_g, scheduler_d], scaler, [train_loader, eval_loader], logger, [writer, writer_eval])
  File "/ssd_scratch/cvit/yash/vits/train.py", line 239, in train_and_evaluate
    evaluate(hps, net_g, eval_loader, writer_eval)
  File "/ssd_scratch/cvit/yash/vits/train.py", line 251, in evaluate
    for batch_idx, (x, x_lengths, spec, spec_lengths, y, y_lengths) in enumerate(eval_loader):
  File "/home2/yash.sonkar/.local/lib/python3.10/site-packages/torch/utils/data/dataloader.py", line 701, in __next__
    data = self._next_data()
  File "/home2/yash.sonkar/.local/lib/python3.10/site-packages/torch/utils/data/dataloader.py", line 1448, in _next_data
    idx, data = self._get_data()
  File "/home2/yash.sonkar/.local/lib/python3.10/site-packages/torch/utils/data/dataloader.py", line 1402, in _get_data
    success, data = self._try_get_data()
  File "/home2/yash.sonkar/.local/lib/python3.10/site-packages/torch/utils/data/dataloader.py", line 1243, in _try_get_data
    data = self._data_queue.get(timeout=timeout)
  File "/usr/local/apps/python-3.10.2/lib/python3.10/queue.py", line 180, in get
    self.not_empty.wait(remaining)
  File "/usr/local/apps/python-3.10.2/lib/python3.10/threading.py", line 324, in wait
    gotit = waiter.acquire(True, timeout)
  File "/home2/yash.sonkar/.local/lib/python3.10/site-packages/torch/utils/data/_utils/signal_handling.py", line 73, in handler
    _error_if_any_worker_fails()
RuntimeError: DataLoader worker (pid 26844) is killed by signal: Killed.

During handling of the above exception, another exception occurred:

Traceback (most recent call last):
  File "/usr/local/apps/python-3.10.2/lib/python3.10/multiprocessing/process.py", line 315, in _bootstrap
    self.run()
  File "/usr/local/apps/python-3.10.2/lib/python3.10/multiprocessing/process.py", line 108, in run
    self._target(*self._args, **self._kwargs)
  File "/home2/yash.sonkar/.local/lib/python3.10/site-packages/torch/multiprocessing/spawn.py", line 99, in _wrap
    sys.exit(1)
  File "/home2/yash.sonkar/.local/lib/python3.10/site-packages/wandb/sdk/lib/exit_hooks.py", line 36, in exit
    self._orig_exit(orig_code)  # type: ignore
SystemExit: 1

During handling of the above exception, another exception occurred:

Traceback (most recent call last):
  File "/usr/local/apps/python-3.10.2/lib/python3.10/multiprocessing/process.py", line 318, in _bootstrap
    util._exit_function()
  File "/usr/local/apps/python-3.10.2/lib/python3.10/multiprocessing/util.py", line 357, in _exit_function
    p.join()
  File "/usr/local/apps/python-3.10.2/lib/python3.10/multiprocessing/process.py", line 149, in join
    res = self._popen.wait(timeout)
  File "/usr/local/apps/python-3.10.2/lib/python3.10/multiprocessing/popen_fork.py", line 43, in wait
    return self.poll(os.WNOHANG if timeout == 0.0 else 0)
  File "/usr/local/apps/python-3.10.2/lib/python3.10/multiprocessing/popen_fork.py", line 27, in poll
    pid, sts = os.waitpid(self.pid, flag)
  File "/home2/yash.sonkar/.local/lib/python3.10/site-packages/torch/utils/data/_utils/signal_handling.py", line 73, in handler
    _error_if_any_worker_fails()
RuntimeError: DataLoader worker (pid 27412) is killed by signal: Terminated.
